2015-05-18 21:42:03,071  WARN [ModalContext] - ScalaProject - Project example has platform default sourceLevel.
2015-05-18 21:42:03,073  WARN [ModalContext] - ScalaProject - Project example runs on platform default installation.
2015-05-18 21:42:03,081  WARN [ModalContext] - ScalaProject - Project example has platform default sourceLevel.
2015-05-18 21:42:03,081  WARN [ModalContext] - ScalaProject - Project example runs on platform default installation.
2015-05-18 21:43:14,245 ERROR [Worker-3] - System.err - SLF4J: Failed to load class "org.slf4j.impl.StaticLoggerBinder".
2015-05-18 21:43:14,247 ERROR [Worker-3] - System.err - SLF4J: Defaulting to no-operation (NOP) logger implementation
2015-05-18 21:43:14,247 ERROR [Worker-3] - System.err - SLF4J: See http://www.slf4j.org/codes.html#StaticLoggerBinder for further details.
2015-05-18 21:47:30,549  WARN [main] - org.scala-ide.sdt.core - org.scala-ide.sdt.core - org.scala-ide.sdt.core - 0 - Preference scala.compiler.sourceLevel was uninitialized for example, setting default to 2.11.
2015-05-18 21:47:33,126  WARN [org.scalaide.ui.internal.reconciliation.ScalaReconciler] - ImplicitHighlightingPresenter - Timeout while waiting for `askLoadedTyped` during semantic highlighting.
2015-05-18 21:49:15,949  WARN [org.scalaide.ui.internal.reconciliation.ScalaReconciler] - ImplicitHighlightingPresenter - Timeout while waiting for `askLoadedTyped` during semantic highlighting.
2015-05-18 23:37:30,907 ERROR [Worker-0] - System.err - SLF4J: Failed to load class "org.slf4j.impl.StaticLoggerBinder".
2015-05-18 23:37:30,911 ERROR [Worker-0] - System.err - SLF4J: Defaulting to no-operation (NOP) logger implementation
2015-05-18 23:37:30,911 ERROR [Worker-0] - System.err - SLF4J: See http://www.slf4j.org/codes.html#StaticLoggerBinder for further details.
2015-05-18 23:44:27,899  WARN [main] - ImplicitHighlightingPresenter - Timeout while waiting for `askLoadedTyped` during semantic highlighting.
2015-05-18 23:48:05,509  WARN [org.scalaide.ui.internal.reconciliation.ScalaReconciler] - ImplicitHighlightingPresenter - Timeout while waiting for `askLoadedTyped` during semantic highlighting.
2015-05-18 23:53:58,580 ERROR [Text Viewer Hover Presenter] - IScalaPresentationCompiler$ - Ignoring InterruptException
2015-05-18 23:53:58,581 ERROR [Text Viewer Hover Presenter] - IScalaPresentationCompiler$ - Ignoring InterruptException
2015-05-18 23:53:58,581 ERROR [Text Viewer Hover Presenter] - IScalaPresentationCompiler$ - Ignoring InterruptException
2015-05-19 00:05:32,899  WARN [ModalContext] - ScalaProject - Project funsets has platform default sourceLevel.
2015-05-19 00:05:32,901  WARN [ModalContext] - ScalaProject - Project funsets runs on platform default installation.
2015-05-19 00:05:32,902  WARN [ModalContext] - ScalaProject - Project funsets has platform default sourceLevel.
2015-05-19 00:05:32,902  WARN [ModalContext] - ScalaProject - Project funsets runs on platform default installation.
2015-05-19 00:05:34,335  WARN [main] - org.scala-ide.sdt.core - org.scala-ide.sdt.core - org.scala-ide.sdt.core - 0 - Preference scala.compiler.sourceLevel was uninitialized for funsets, setting default to 2.11.
2015-05-19 00:05:34,336  WARN [main] - org.scala-ide.sdt.core - org.scala-ide.sdt.core - org.scala-ide.sdt.core - 0 - Preference scala.compiler.installation was uninitialized for funsets, setting default to 2.11.
2015-05-19 00:10:06,565 ERROR [Text Viewer Hover Presenter] - IScalaPresentationCompiler$ - Ignoring InterruptException
2015-05-19 00:10:06,573 ERROR [Text Viewer Hover Presenter] - IScalaPresentationCompiler$ - Ignoring InterruptException
2015-05-19 00:10:06,573 ERROR [Text Viewer Hover Presenter] - IScalaPresentationCompiler$ - Ignoring InterruptException
2015-05-19 00:16:29,243 ERROR [Text Viewer Hover Presenter] - IScalaPresentationCompiler$ - Ignoring InterruptException
2015-05-19 00:16:29,244 ERROR [Text Viewer Hover Presenter] - IScalaPresentationCompiler$ - Ignoring InterruptException
2015-05-19 00:16:29,244 ERROR [Text Viewer Hover Presenter] - IScalaPresentationCompiler$ - Ignoring InterruptException
2015-05-19 00:16:41,962 ERROR [Text Viewer Hover Presenter] - IScalaPresentationCompiler$ - Ignoring InterruptException
2015-05-19 00:16:41,963 ERROR [Text Viewer Hover Presenter] - IScalaPresentationCompiler$ - Ignoring InterruptException
2015-05-19 00:16:41,963 ERROR [Text Viewer Hover Presenter] - IScalaPresentationCompiler$ - Ignoring InterruptException
2015-05-19 02:04:48,126 ERROR [main] - org.scala-ide.sdt.core - org.scala-ide.sdt.core - org.scala-ide.sdt.core - 0 - Throwable during asyncExec
scala.reflect.internal.FatalError: ThisType(value <local FunSetSuite>) for sym which is not a class
	at scala.reflect.internal.Reporting$class.abort(Reporting.scala:59)
	at scala.reflect.internal.SymbolTable.abort(SymbolTable.scala:16)
	at scala.reflect.internal.Types$ThisType.<init>(Types.scala:1167)
	at scala.reflect.internal.Types$UniqueThisType.<init>(Types.scala:1187)
	at scala.reflect.internal.Types$ThisType$.apply(Types.scala:1191)
	at scala.tools.nsc.interactive.Global.scala$tools$nsc$interactive$Global$$findMirrorSymbol(Global.scala:873)
	at scala.tools.nsc.interactive.Global$$anonfun$getDocComment$2$$anonfun$apply$16$$anonfun$apply$18.apply(Global.scala:946)
	at scala.tools.nsc.interactive.Global$$anonfun$getDocComment$2$$anonfun$apply$16$$anonfun$apply$18.apply(Global.scala:945)
	at scala.collection.TraversableLike$WithFilter$$anonfun$foreach$1.apply(TraversableLike.scala:778)
	at scala.collection.immutable.List.foreach(List.scala:381)
	at scala.collection.TraversableLike$WithFilter.foreach(TraversableLike.scala:777)
	at scala.tools.nsc.interactive.Global$$anonfun$getDocComment$2$$anonfun$apply$16.apply(Global.scala:945)
	at scala.tools.nsc.interactive.Global$$anonfun$getDocComment$2$$anonfun$apply$16.apply(Global.scala:944)
	at scala.tools.nsc.interactive.Global.scala$tools$nsc$interactive$Global$$withTempUnits(Global.scala:853)
	at scala.tools.nsc.interactive.Global$$anonfun$getDocComment$2.apply(Global.scala:944)
	at scala.tools.nsc.interactive.Global$$anonfun$getDocComment$2.apply(Global.scala:944)
	at scala.tools.nsc.interactive.Global$$anonfun$respond$1.apply(Global.scala:699)
	at scala.tools.nsc.interactive.Global$$anonfun$respond$1.apply(Global.scala:699)
	at scala.tools.nsc.interactive.Global.respondGradually(Global.scala:706)
	at scala.tools.nsc.interactive.Global.respond(Global.scala:699)
	at scala.tools.nsc.interactive.Global.getDocComment(Global.scala:943)
	at scala.tools.nsc.interactive.CompilerControl$AskDocCommentItem.apply$mcV$sp(CompilerControl.scala:376)
	at scala.tools.nsc.interactive.Global$$anonfun$pollForWork$1.apply$mcV$sp(Global.scala:504)
	at scala.util.control.Breaks.breakable(Breaks.scala:38)
	at scala.tools.nsc.interactive.Global.pollForWork(Global.scala:429)
	at scala.tools.nsc.interactive.PresentationCompilerThread.run(PresentationCompilerThread.scala:22)
2015-05-19 13:11:18,817  WARN [main] - org.scala-ide.sdt.core - org.scala-ide.sdt.core - org.scala-ide.sdt.core - 0 - Preference scala.compiler.sourceLevel was uninitialized for funsets, setting default to 2.11.
2015-05-19 13:11:18,819  WARN [main] - org.scala-ide.sdt.core - org.scala-ide.sdt.core - org.scala-ide.sdt.core - 0 - Preference scala.compiler.installation was uninitialized for funsets, setting default to 2.11.
2015-05-19 13:13:55,687  WARN [ModalContext] - ScalaProject - Project objsets has platform default sourceLevel.
2015-05-19 13:13:55,688  WARN [ModalContext] - ScalaProject - Project objsets runs on platform default installation.
2015-05-19 13:13:55,689  WARN [ModalContext] - ScalaProject - Project objsets has platform default sourceLevel.
2015-05-19 13:13:55,689  WARN [ModalContext] - ScalaProject - Project objsets runs on platform default installation.
2015-05-19 13:13:56,307  WARN [Worker-2] - ScalaProject - Project objsets has platform default sourceLevel.
2015-05-19 13:13:56,308  WARN [Worker-2] - ScalaProject - Project objsets runs on platform default installation.
2015-05-19 14:14:21,629 ERROR [Text Viewer Hover Presenter] - IScalaPresentationCompiler$ - Ignoring InterruptException
2015-05-19 14:14:21,629 ERROR [Text Viewer Hover Presenter] - IScalaPresentationCompiler$ - Ignoring InterruptException
2015-05-19 14:14:21,629 ERROR [Text Viewer Hover Presenter] - IScalaPresentationCompiler$ - Ignoring InterruptException
2015-05-19 14:15:31,132 ERROR [Text Viewer Hover Presenter] - IScalaPresentationCompiler$ - Ignoring InterruptException
2015-05-19 14:15:31,132 ERROR [Text Viewer Hover Presenter] - IScalaPresentationCompiler$ - Ignoring InterruptException
2015-05-19 14:15:31,132 ERROR [Text Viewer Hover Presenter] - IScalaPresentationCompiler$ - Ignoring InterruptException
2015-05-19 14:15:38,290 ERROR [Worker-39] - System.err - SLF4J: Failed to load class "org.slf4j.impl.StaticLoggerBinder".
2015-05-19 14:15:38,291 ERROR [Worker-39] - System.err - SLF4J: Defaulting to no-operation (NOP) logger implementation
2015-05-19 14:15:38,291 ERROR [Worker-39] - System.err - SLF4J: See http://www.slf4j.org/codes.html#StaticLoggerBinder for further details.
2015-05-19 14:16:58,627  WARN [main] - ImplicitHighlightingPresenter - Timeout while waiting for `askLoadedTyped` during semantic highlighting.
2015-05-19 14:17:36,454 ERROR [Text Viewer Hover Presenter] - IScalaPresentationCompiler$ - Ignoring InterruptException
2015-05-19 14:17:36,454 ERROR [Text Viewer Hover Presenter] - IScalaPresentationCompiler$ - Ignoring InterruptException
2015-05-19 14:17:36,455 ERROR [Text Viewer Hover Presenter] - IScalaPresentationCompiler$ - Ignoring InterruptException
2015-05-19 14:39:53,566 ERROR [Text Viewer Hover Presenter] - IScalaPresentationCompiler$ - Ignoring InterruptException
2015-05-19 14:39:53,573 ERROR [Text Viewer Hover Presenter] - IScalaPresentationCompiler$ - Ignoring InterruptException
2015-05-19 14:39:53,573 ERROR [Text Viewer Hover Presenter] - IScalaPresentationCompiler$ - Ignoring InterruptException
2015-05-19 14:41:11,002 ERROR [Text Viewer Hover Presenter] - IScalaPresentationCompiler$ - Ignoring InterruptException
2015-05-19 14:41:11,003 ERROR [Text Viewer Hover Presenter] - IScalaPresentationCompiler$ - Ignoring InterruptException
2015-05-19 14:41:11,003 ERROR [Text Viewer Hover Presenter] - IScalaPresentationCompiler$ - Ignoring InterruptException
2015-05-20 01:36:23,187  WARN [main] - org.scala-ide.sdt.core - org.scala-ide.sdt.core - org.scala-ide.sdt.core - 0 - Preference scala.compiler.sourceLevel was uninitialized for objsets, setting default to 2.11.
2015-05-20 01:36:23,199  WARN [main] - org.scala-ide.sdt.core - org.scala-ide.sdt.core - org.scala-ide.sdt.core - 0 - Preference scala.compiler.installation was uninitialized for objsets, setting default to 2.11.
2015-05-20 01:36:34,745 ERROR [org.scalaide.ui.internal.reconciliation.ScalaReconciler] - System.err - Exception in thread "org.scalaide.ui.internal.reconciliation.ScalaReconciler"
2015-05-20 01:36:34,753 ERROR [org.scalaide.ui.internal.reconciliation.ScalaReconciler] - System.err - java.lang.NullPointerException
2015-05-20 01:36:34,754 ERROR [org.scalaide.ui.internal.reconciliation.ScalaReconciler] - System.err - at org.scalaide.ui.editor.DecoratedInteractiveEditor$class.annotationModel(DecoratedInteractiveEditor.scala:18)
2015-05-20 01:36:34,755 ERROR [org.scalaide.ui.internal.reconciliation.ScalaReconciler] - System.err - at org.scalaide.ui.editor.DecoratedInteractiveEditor$class.updateErrorAnnotations(DecoratedInteractiveEditor.scala:32)
2015-05-20 01:36:34,755 ERROR [org.scalaide.ui.internal.reconciliation.ScalaReconciler] - System.err - at org.scalaide.ui.internal.editor.ScalaSourceFileEditor.updateErrorAnnotations(ScalaSourceFileEditor.scala:62)
2015-05-20 01:36:34,755 ERROR [org.scalaide.ui.internal.reconciliation.ScalaReconciler] - System.err - at org.scalaide.ui.internal.reconciliation.ScalaReconcilingStrategy.reconcile(ScalaReconcilingStrategy.scala:53)
2015-05-20 01:36:34,755 ERROR [org.scalaide.ui.internal.reconciliation.ScalaReconciler] - System.err - at org.scalaide.ui.internal.reconciliation.ScalaReconcilingStrategy.initialReconcile(ScalaReconcilingStrategy.scala:64)
2015-05-20 01:36:34,755 ERROR [org.scalaide.ui.internal.reconciliation.ScalaReconciler] - System.err - at org.eclipse.jdt.internal.ui.text.CompositeReconcilingStrategy.initialReconcile(CompositeReconcilingStrategy.java:114)
2015-05-20 01:36:34,755 ERROR [org.scalaide.ui.internal.reconciliation.ScalaReconciler] - System.err - at org.eclipse.jface.text.reconciler.MonoReconciler.initialProcess(MonoReconciler.java:105)
2015-05-20 01:36:34,755 ERROR [org.scalaide.ui.internal.reconciliation.ScalaReconciler] - System.err - at org.eclipse.jface.text.reconciler.AbstractReconciler$BackgroundThread.run(AbstractReconciler.java:173)
2015-05-20 01:36:55,845  WARN [ModalContext] - ScalaProject - Project patmat has platform default sourceLevel.
2015-05-20 01:36:55,847  WARN [ModalContext] - ScalaProject - Project patmat runs on platform default installation.
2015-05-20 01:36:55,848  WARN [ModalContext] - ScalaProject - Project patmat has platform default sourceLevel.
2015-05-20 01:36:55,848  WARN [ModalContext] - ScalaProject - Project patmat runs on platform default installation.
2015-05-21 14:07:40,275  WARN [main] - org.scala-ide.sdt.core - org.scala-ide.sdt.core - org.scala-ide.sdt.core - 0 - Preference scala.compiler.sourceLevel was uninitialized for patmat, setting default to 2.11.
2015-05-21 14:07:40,277  WARN [main] - org.scala-ide.sdt.core - org.scala-ide.sdt.core - org.scala-ide.sdt.core - 0 - Preference scala.compiler.installation was uninitialized for patmat, setting default to 2.11.
2015-05-21 14:25:25,764  WARN [org.scalaide.ui.internal.reconciliation.ScalaReconciler] - ImplicitHighlightingPresenter - Timeout while waiting for `askLoadedTyped` during semantic highlighting.
2015-05-21 14:25:34,670  WARN [org.scalaide.ui.internal.reconciliation.ScalaReconciler] - ImplicitHighlightingPresenter - Timeout while waiting for `askLoadedTyped` during semantic highlighting.
2015-05-21 14:26:05,991  WARN [org.scalaide.ui.internal.reconciliation.ScalaReconciler] - ImplicitHighlightingPresenter - Timeout while waiting for `askLoadedTyped` during semantic highlighting.
2015-05-21 14:26:42,713  WARN [org.scalaide.ui.internal.reconciliation.ScalaReconciler] - ImplicitHighlightingPresenter - Timeout while waiting for `askLoadedTyped` during semantic highlighting.
2015-05-21 14:48:55,352  WARN [org.scalaide.ui.internal.reconciliation.ScalaReconciler] - ImplicitHighlightingPresenter - Timeout while waiting for `askLoadedTyped` during semantic highlighting.
2015-05-21 14:50:24,908 ERROR [Text Viewer Hover Presenter] - IScalaPresentationCompiler$ - Ignoring InterruptException
2015-05-21 14:50:24,908 ERROR [Text Viewer Hover Presenter] - IScalaPresentationCompiler$ - Ignoring InterruptException
2015-05-21 14:50:24,909 ERROR [Text Viewer Hover Presenter] - IScalaPresentationCompiler$ - Ignoring InterruptException
2015-05-21 14:50:33,104 ERROR [Text Viewer Hover Presenter] - IScalaPresentationCompiler$ - Ignoring InterruptException
2015-05-21 14:50:33,105 ERROR [Text Viewer Hover Presenter] - IScalaPresentationCompiler$ - Ignoring InterruptException
2015-05-21 14:50:33,105 ERROR [Text Viewer Hover Presenter] - IScalaPresentationCompiler$ - Ignoring InterruptException
2015-05-21 15:04:26,293 ERROR [Text Viewer Hover Presenter] - IScalaPresentationCompiler$ - Ignoring InterruptException
2015-05-21 15:04:26,372 ERROR [Text Viewer Hover Presenter] - IScalaPresentationCompiler$ - Ignoring InterruptException
2015-05-21 15:04:26,372 ERROR [Text Viewer Hover Presenter] - IScalaPresentationCompiler$ - Ignoring InterruptException
2015-05-21 15:04:26,372 ERROR [Text Viewer Hover Presenter] - IScalaPresentationCompiler$ - Ignoring InterruptException
2015-05-21 15:42:50,363 ERROR [Worker-60] - System.err - SLF4J: Failed to load class "org.slf4j.impl.StaticLoggerBinder".
2015-05-21 15:42:50,363 ERROR [Worker-60] - System.err - SLF4J: Defaulting to no-operation (NOP) logger implementation
2015-05-21 15:42:50,363 ERROR [Worker-60] - System.err - SLF4J: See http://www.slf4j.org/codes.html#StaticLoggerBinder for further details.
2015-05-21 16:01:32,532 ERROR [Text Viewer Hover Presenter] - IScalaPresentationCompiler$ - Ignoring InterruptException
2015-05-21 16:01:32,540 ERROR [Text Viewer Hover Presenter] - IScalaPresentationCompiler$ - Ignoring InterruptException
2015-05-21 16:01:32,540 ERROR [Text Viewer Hover Presenter] - IScalaPresentationCompiler$ - Ignoring InterruptException
2015-05-21 16:15:12,303 ERROR [Text Viewer Hover Presenter] - IScalaPresentationCompiler$ - Ignoring InterruptException
2015-05-21 16:15:12,311 ERROR [Text Viewer Hover Presenter] - IScalaPresentationCompiler$ - Ignoring InterruptException
2015-05-21 16:15:12,311 ERROR [Text Viewer Hover Presenter] - IScalaPresentationCompiler$ - Ignoring InterruptException
2015-05-21 16:40:06,201 ERROR [Text Viewer Hover Presenter] - IScalaPresentationCompiler$ - Ignoring InterruptException
2015-05-21 16:40:06,201 ERROR [Text Viewer Hover Presenter] - IScalaPresentationCompiler$ - Ignoring InterruptException
2015-05-21 16:40:06,201 ERROR [Text Viewer Hover Presenter] - IScalaPresentationCompiler$ - Ignoring InterruptException
2015-05-21 17:03:22,864 ERROR [Text Viewer Hover Presenter] - IScalaPresentationCompiler$ - Ignoring InterruptException
2015-05-21 17:03:22,871 ERROR [Text Viewer Hover Presenter] - IScalaPresentationCompiler$ - Ignoring InterruptException
2015-05-21 17:03:22,872 ERROR [Text Viewer Hover Presenter] - IScalaPresentationCompiler$ - Ignoring InterruptException
2015-05-21 17:05:02,009 ERROR [Text Viewer Hover Presenter] - IScalaPresentationCompiler$ - Ignoring InterruptException
2015-05-21 17:05:02,009 ERROR [Text Viewer Hover Presenter] - IScalaPresentationCompiler$ - Ignoring InterruptException
2015-05-21 17:05:02,009 ERROR [Text Viewer Hover Presenter] - IScalaPresentationCompiler$ - Ignoring InterruptException
2015-05-21 17:23:16,239 ERROR [Text Viewer Hover Presenter] - IScalaPresentationCompiler$ - Ignoring InterruptException
2015-05-21 17:23:16,247 ERROR [Text Viewer Hover Presenter] - IScalaPresentationCompiler$ - Ignoring InterruptException
2015-05-21 17:23:16,247 ERROR [Text Viewer Hover Presenter] - IScalaPresentationCompiler$ - Ignoring InterruptException
2015-05-21 17:31:16,481 ERROR [Text Viewer Hover Presenter] - IScalaPresentationCompiler$ - Ignoring InterruptException
2015-05-21 17:31:16,489 ERROR [Text Viewer Hover Presenter] - IScalaPresentationCompiler$ - Ignoring InterruptException
2015-05-21 17:31:16,489 ERROR [Text Viewer Hover Presenter] - IScalaPresentationCompiler$ - Ignoring InterruptException
2015-05-21 17:35:04,360 ERROR [Text Viewer Hover Presenter] - IScalaPresentationCompiler$ - Ignoring InterruptException
2015-05-21 17:35:04,368 ERROR [Text Viewer Hover Presenter] - IScalaPresentationCompiler$ - Ignoring InterruptException
2015-05-21 17:35:04,368 ERROR [Text Viewer Hover Presenter] - IScalaPresentationCompiler$ - Ignoring InterruptException
2015-05-21 18:11:44,953 ERROR [Text Viewer Hover Presenter] - IScalaPresentationCompiler$ - Ignoring InterruptException
2015-05-21 18:11:44,954 ERROR [Text Viewer Hover Presenter] - IScalaPresentationCompiler$ - Ignoring InterruptException
2015-05-21 18:11:44,954 ERROR [Text Viewer Hover Presenter] - IScalaPresentationCompiler$ - Ignoring InterruptException
2015-05-21 18:19:39,491 ERROR [Text Viewer Hover Presenter] - IScalaPresentationCompiler$ - Ignoring InterruptException
2015-05-21 18:19:39,492 ERROR [Text Viewer Hover Presenter] - IScalaPresentationCompiler$ - Ignoring InterruptException
2015-05-21 18:19:39,492 ERROR [Text Viewer Hover Presenter] - IScalaPresentationCompiler$ - Ignoring InterruptException
2015-05-21 19:30:53,228 ERROR [Text Viewer Hover Presenter] - IScalaPresentationCompiler$ - Ignoring InterruptException
2015-05-21 19:30:53,229 ERROR [Text Viewer Hover Presenter] - IScalaPresentationCompiler$ - Ignoring InterruptException
2015-05-21 19:50:29,853 ERROR [Text Viewer Hover Presenter] - IScalaPresentationCompiler$ - Ignoring InterruptException
2015-05-21 19:50:29,861 ERROR [Text Viewer Hover Presenter] - IScalaPresentationCompiler$ - Ignoring InterruptException
2015-05-21 19:50:29,861 ERROR [Text Viewer Hover Presenter] - IScalaPresentationCompiler$ - Ignoring InterruptException
2015-05-21 20:32:43,395 ERROR [Text Viewer Hover Presenter] - IScalaPresentationCompiler$ - Ignoring InterruptException
2015-05-21 20:32:43,395 ERROR [Text Viewer Hover Presenter] - IScalaPresentationCompiler$ - Ignoring InterruptException
2015-05-21 20:32:43,395 ERROR [Text Viewer Hover Presenter] - IScalaPresentationCompiler$ - Ignoring InterruptException
2015-05-27 14:37:21,131  WARN [main] - org.scala-ide.sdt.core - org.scala-ide.sdt.core - org.scala-ide.sdt.core - 0 - Preference scala.compiler.sourceLevel was uninitialized for patmat, setting default to 2.11.
2015-05-27 14:37:21,134  WARN [main] - org.scala-ide.sdt.core - org.scala-ide.sdt.core - org.scala-ide.sdt.core - 0 - Preference scala.compiler.installation was uninitialized for patmat, setting default to 2.11.
2015-05-27 14:37:37,205 ERROR [org.scalaide.ui.internal.reconciliation.ScalaReconciler] - System.err - Exception in thread "org.scalaide.ui.internal.reconciliation.ScalaReconciler"
2015-05-27 14:37:37,206 ERROR [org.scalaide.ui.internal.reconciliation.ScalaReconciler] - System.err - java.lang.NullPointerException
2015-05-27 14:37:37,206 ERROR [org.scalaide.ui.internal.reconciliation.ScalaReconciler] - System.err - at org.scalaide.ui.editor.DecoratedInteractiveEditor$class.annotationModel(DecoratedInteractiveEditor.scala:18)
2015-05-27 14:37:37,206 ERROR [org.scalaide.ui.internal.reconciliation.ScalaReconciler] - System.err - at org.scalaide.ui.editor.DecoratedInteractiveEditor$class.updateErrorAnnotations(DecoratedInteractiveEditor.scala:32)
2015-05-27 14:37:37,206 ERROR [org.scalaide.ui.internal.reconciliation.ScalaReconciler] - System.err - at org.scalaide.ui.internal.editor.ScalaSourceFileEditor.updateErrorAnnotations(ScalaSourceFileEditor.scala:62)
2015-05-27 14:37:37,206 ERROR [org.scalaide.ui.internal.reconciliation.ScalaReconciler] - System.err - at org.scalaide.ui.internal.reconciliation.ScalaReconcilingStrategy.reconcile(ScalaReconcilingStrategy.scala:53)
2015-05-27 14:37:37,206 ERROR [org.scalaide.ui.internal.reconciliation.ScalaReconciler] - System.err - at org.eclipse.jdt.internal.ui.text.CompositeReconcilingStrategy.reconcile(CompositeReconcilingStrategy.java:86)
2015-05-27 14:37:37,206 ERROR [org.scalaide.ui.internal.reconciliation.ScalaReconciler] - System.err - at org.eclipse.jface.text.reconciler.MonoReconciler.process(MonoReconciler.java:77)
2015-05-27 14:37:37,206 ERROR [org.scalaide.ui.internal.reconciliation.ScalaReconciler] - System.err - at org.eclipse.jface.text.reconciler.AbstractReconciler$BackgroundThread.run(AbstractReconciler.java:206)
2015-05-27 14:37:58,426  WARN [ModalContext] - ScalaProject - Project forcomp has platform default sourceLevel.
2015-05-27 14:37:58,428  WARN [ModalContext] - ScalaProject - Project forcomp runs on platform default installation.
2015-05-27 14:37:58,428  WARN [ModalContext] - ScalaProject - Project forcomp has platform default sourceLevel.
2015-05-27 14:37:58,428  WARN [ModalContext] - ScalaProject - Project forcomp runs on platform default installation.
2015-05-27 14:37:58,931  WARN [Worker-0] - ScalaProject - Project forcomp has platform default sourceLevel.
2015-05-27 14:37:58,932  WARN [Worker-0] - ScalaProject - Project forcomp runs on platform default installation.
2015-05-27 14:40:16,319  WARN [ModalContext] - ScalaProject - Project forcomp has platform default sourceLevel.
2015-05-27 14:40:16,319  WARN [ModalContext] - ScalaProject - Project forcomp runs on platform default installation.
2015-05-27 14:40:16,320  WARN [ModalContext] - ScalaProject - Project forcomp has platform default sourceLevel.
2015-05-27 14:40:16,320  WARN [ModalContext] - ScalaProject - Project forcomp runs on platform default installation.
2015-05-27 14:40:44,735 ERROR [Worker-2] - System.err - SLF4J: Failed to load class "org.slf4j.impl.StaticLoggerBinder".
2015-05-27 14:40:44,736 ERROR [Worker-2] - System.err - SLF4J: Defaulting to no-operation (NOP) logger implementation
2015-05-27 14:40:44,736 ERROR [Worker-2] - System.err - SLF4J: See http://www.slf4j.org/codes.html#StaticLoggerBinder for further details.
2015-05-27 14:42:18,962 ERROR [main] - org.scala-ide.sdt.core - org.scala-ide.sdt.core - org.scala-ide.sdt.core - 0 - Error thrown while initializing the presentation compiler.
Java Model Exception: Java Model Status [forcomp does not exist]
	at org.eclipse.jdt.internal.core.JavaElement.newNotPresentException(JavaElement.java:556)
	at org.eclipse.jdt.internal.core.JavaModelManager.getPerProjectInfoCheckExistence(JavaModelManager.java:2344)
	at org.eclipse.jdt.internal.core.JavaProject.getPerProjectInfo(JavaProject.java:1909)
	at org.eclipse.jdt.internal.core.JavaProject.getRawClasspath(JavaProject.java:1931)
	at org.scalaide.core.internal.project.ClasspathManagement$class.jdkPaths(ClasspathManagement.scala:132)
	at org.scalaide.core.internal.project.ScalaProject.jdkPaths(ScalaProject.scala:136)
	at org.scalaide.core.internal.project.ClasspathManagement$class.scalaClasspath(ClasspathManagement.scala:119)
	at org.scalaide.core.internal.project.ScalaProject.scalaClasspath(ScalaProject.scala:136)
	at org.scalaide.core.internal.project.ScalaProject.setupCompilerClasspath(ScalaProject.scala:481)
	at org.scalaide.core.internal.project.ScalaProject.initializeCompilerSettings(ScalaProject.scala:467)
	at org.scalaide.core.internal.project.ScalaProject.org$scalaide$core$internal$project$ScalaProject$$prepareCompilerSettings(ScalaProject.scala:423)
	at org.scalaide.core.internal.project.ScalaProject$$anonfun$3.apply(ScalaProject.scala:148)
	at org.scalaide.core.internal.project.ScalaProject$$anonfun$3.apply(ScalaProject.scala:148)
	at org.scalaide.core.internal.compiler.PresentationCompilerProxy.liftedTree1$1(PresentationCompilerProxy.scala:158)
	at org.scalaide.core.internal.compiler.PresentationCompilerProxy.create(PresentationCompilerProxy.scala:157)
	at org.scalaide.core.internal.compiler.PresentationCompilerProxy.initialize(PresentationCompilerProxy.scala:122)
	at org.scalaide.core.internal.compiler.PresentationCompilerProxy.obtainPc$1(PresentationCompilerProxy.scala:84)
	at org.scalaide.core.internal.compiler.PresentationCompilerProxy.internal(PresentationCompilerProxy.scala:104)
	at org.scalaide.core.internal.compiler.PresentationCompilerProxy.apply(PresentationCompilerProxy.scala:62)
	at org.scalaide.core.compiler.InteractiveCompilationUnit$class.forceReconcile(InteractiveCompilationUnit.scala:151)
	at org.scalaide.core.internal.jdt.model.ScalaSourceFile.forceReconcile(ScalaSourceFile.scala:73)
	at org.scalaide.ui.internal.reconciliation.ScalaReconcilingStrategy.reconcile(ScalaReconcilingStrategy.scala:48)
	at org.eclipse.jdt.internal.ui.text.CompositeReconcilingStrategy.reconcile(CompositeReconcilingStrategy.java:86)
	at org.eclipse.jface.text.reconciler.MonoReconciler.process(MonoReconciler.java:77)
	at org.eclipse.jface.text.reconciler.AbstractReconciler$BackgroundThread.run(AbstractReconciler.java:206)
2015-05-27 14:42:18,966 ERROR [main] - org.scala-ide.sdt.core - org.scala-ide.sdt.core - org.scala-ide.sdt.core - 0 - Error thrown while initializing the presentation compiler.
Java Model Exception: Java Model Status [forcomp does not exist]
	at org.eclipse.jdt.internal.core.JavaElement.newNotPresentException(JavaElement.java:556)
	at org.eclipse.jdt.internal.core.JavaModelManager.getPerProjectInfoCheckExistence(JavaModelManager.java:2344)
	at org.eclipse.jdt.internal.core.JavaProject.getPerProjectInfo(JavaProject.java:1909)
	at org.eclipse.jdt.internal.core.JavaProject.getRawClasspath(JavaProject.java:1931)
	at org.scalaide.core.internal.project.ClasspathManagement$class.jdkPaths(ClasspathManagement.scala:132)
	at org.scalaide.core.internal.project.ScalaProject.jdkPaths(ScalaProject.scala:136)
	at org.scalaide.core.internal.project.ClasspathManagement$class.scalaClasspath(ClasspathManagement.scala:119)
	at org.scalaide.core.internal.project.ScalaProject.scalaClasspath(ScalaProject.scala:136)
	at org.scalaide.core.internal.project.ScalaProject.setupCompilerClasspath(ScalaProject.scala:481)
	at org.scalaide.core.internal.project.ScalaProject.initializeCompilerSettings(ScalaProject.scala:467)
	at org.scalaide.core.internal.project.ScalaProject.org$scalaide$core$internal$project$ScalaProject$$prepareCompilerSettings(ScalaProject.scala:423)
	at org.scalaide.core.internal.project.ScalaProject$$anonfun$3.apply(ScalaProject.scala:148)
	at org.scalaide.core.internal.project.ScalaProject$$anonfun$3.apply(ScalaProject.scala:148)
	at org.scalaide.core.internal.compiler.PresentationCompilerProxy.liftedTree1$1(PresentationCompilerProxy.scala:158)
	at org.scalaide.core.internal.compiler.PresentationCompilerProxy.create(PresentationCompilerProxy.scala:157)
	at org.scalaide.core.internal.compiler.PresentationCompilerProxy.initialize(PresentationCompilerProxy.scala:122)
	at org.scalaide.core.internal.compiler.PresentationCompilerProxy.obtainPc$1(PresentationCompilerProxy.scala:84)
	at org.scalaide.core.internal.compiler.PresentationCompilerProxy.internal(PresentationCompilerProxy.scala:104)
	at org.scalaide.core.internal.compiler.PresentationCompilerProxy.apply(PresentationCompilerProxy.scala:62)
	at org.scalaide.core.compiler.InteractiveCompilationUnit$class.currentProblems(InteractiveCompilationUnit.scala:184)
	at org.scalaide.core.internal.jdt.model.ScalaSourceFile.currentProblems(ScalaSourceFile.scala:73)
	at org.scalaide.core.compiler.InteractiveCompilationUnit$class.forceReconcile(InteractiveCompilationUnit.scala:152)
	at org.scalaide.core.internal.jdt.model.ScalaSourceFile.forceReconcile(ScalaSourceFile.scala:73)
	at org.scalaide.ui.internal.reconciliation.ScalaReconcilingStrategy.reconcile(ScalaReconcilingStrategy.scala:48)
	at org.eclipse.jdt.internal.ui.text.CompositeReconcilingStrategy.reconcile(CompositeReconcilingStrategy.java:86)
	at org.eclipse.jface.text.reconciler.MonoReconciler.process(MonoReconciler.java:77)
	at org.eclipse.jface.text.reconciler.AbstractReconciler$BackgroundThread.run(AbstractReconciler.java:206)
2015-05-27 14:42:18,967 ERROR [main] - org.scala-ide.sdt.core - org.scala-ide.sdt.core - org.scala-ide.sdt.core - 0 - Error thrown while initializing the presentation compiler.
Java Model Exception: Java Model Status [forcomp does not exist]
	at org.eclipse.jdt.internal.core.JavaElement.newNotPresentException(JavaElement.java:556)
	at org.eclipse.jdt.internal.core.JavaModelManager.getPerProjectInfoCheckExistence(JavaModelManager.java:2344)
	at org.eclipse.jdt.internal.core.JavaProject.getPerProjectInfo(JavaProject.java:1909)
	at org.eclipse.jdt.internal.core.JavaProject.getRawClasspath(JavaProject.java:1931)
	at org.scalaide.core.internal.project.ClasspathManagement$class.jdkPaths(ClasspathManagement.scala:132)
	at org.scalaide.core.internal.project.ScalaProject.jdkPaths(ScalaProject.scala:136)
	at org.scalaide.core.internal.project.ClasspathManagement$class.scalaClasspath(ClasspathManagement.scala:119)
	at org.scalaide.core.internal.project.ScalaProject.scalaClasspath(ScalaProject.scala:136)
	at org.scalaide.core.internal.project.ScalaProject.setupCompilerClasspath(ScalaProject.scala:481)
	at org.scalaide.core.internal.project.ScalaProject.initializeCompilerSettings(ScalaProject.scala:467)
	at org.scalaide.core.internal.project.ScalaProject.org$scalaide$core$internal$project$ScalaProject$$prepareCompilerSettings(ScalaProject.scala:423)
	at org.scalaide.core.internal.project.ScalaProject$$anonfun$3.apply(ScalaProject.scala:148)
	at org.scalaide.core.internal.project.ScalaProject$$anonfun$3.apply(ScalaProject.scala:148)
	at org.scalaide.core.internal.compiler.PresentationCompilerProxy.liftedTree1$1(PresentationCompilerProxy.scala:158)
	at org.scalaide.core.internal.compiler.PresentationCompilerProxy.create(PresentationCompilerProxy.scala:157)
	at org.scalaide.core.internal.compiler.PresentationCompilerProxy.initialize(PresentationCompilerProxy.scala:122)
	at org.scalaide.core.internal.compiler.PresentationCompilerProxy.obtainPc$1(PresentationCompilerProxy.scala:84)
	at org.scalaide.core.internal.compiler.PresentationCompilerProxy.internal(PresentationCompilerProxy.scala:104)
	at org.scalaide.ui.internal.editor.decorators.BaseSemanticAction.apply(BaseSemanticAction.scala:114)
	at org.scalaide.ui.internal.editor.ScalaSourceFileEditor$$anon$5$$anonfun$reconciled$1$$anonfun$apply$1.apply$mcV$sp(ScalaSourceFileEditor.scala:111)
	at org.scalaide.ui.internal.editor.ScalaSourceFileEditor$$anon$5$$anonfun$reconciled$1$$anonfun$apply$1.apply(ScalaSourceFileEditor.scala:111)
	at org.scalaide.ui.internal.editor.ScalaSourceFileEditor$$anon$5$$anonfun$reconciled$1$$anonfun$apply$1.apply(ScalaSourceFileEditor.scala:111)
	at org.scalaide.util.eclipse.EclipseUtils$$anon$3.run(EclipseUtils.scala:216)
	at org.eclipse.core.runtime.SafeRunner.run(SafeRunner.java:42)
	at org.scalaide.util.eclipse.EclipseUtils$.withSafeRunner(EclipseUtils.scala:212)
	at org.scalaide.ui.internal.editor.ScalaSourceFileEditor$$anon$5$$anonfun$reconciled$1.apply(ScalaSourceFileEditor.scala:110)
	at org.scalaide.ui.internal.editor.ScalaSourceFileEditor$$anon$5$$anonfun$reconciled$1.apply(ScalaSourceFileEditor.scala:109)
	at scala.collection.mutable.ArraySeq.foreach(ArraySeq.scala:74)
	at org.scalaide.ui.internal.editor.ScalaSourceFileEditor$$anon$5.reconciled(ScalaSourceFileEditor.scala:109)
	at org.scalaide.ui.internal.editor.ScalaSourceFileEditor$ReconcilingListeners$$anonfun$reconciled$2.apply(ScalaSourceFileEditor.scala:416)
	at org.scalaide.ui.internal.editor.ScalaSourceFileEditor$ReconcilingListeners$$anonfun$reconciled$2.apply(ScalaSourceFileEditor.scala:416)
	at scala.collection.immutable.List.foreach(List.scala:381)
	at org.scalaide.ui.internal.editor.ScalaSourceFileEditor$ReconcilingListeners.reconciled(ScalaSourceFileEditor.scala:416)
	at org.scalaide.ui.internal.editor.ScalaSourceFileEditor.reconciled(ScalaSourceFileEditor.scala:393)
	at org.scalaide.ui.internal.reconciliation.ScalaReconcilingStrategy$$anonfun$reconcile$3.apply(ScalaReconcilingStrategy.scala:58)
	at org.scalaide.ui.internal.reconciliation.ScalaReconcilingStrategy$$anonfun$reconcile$3.apply(ScalaReconcilingStrategy.scala:58)
	at scala.Option.foreach(Option.scala:257)
	at org.scalaide.ui.internal.reconciliation.ScalaReconcilingStrategy.reconcile(ScalaReconcilingStrategy.scala:58)
	at org.eclipse.jdt.internal.ui.text.CompositeReconcilingStrategy.reconcile(CompositeReconcilingStrategy.java:86)
	at org.eclipse.jface.text.reconciler.MonoReconciler.process(MonoReconciler.java:77)
	at org.eclipse.jface.text.reconciler.AbstractReconciler$BackgroundThread.run(AbstractReconciler.java:206)
2015-05-27 14:42:18,968 ERROR [main] - org.scala-ide.sdt.core - org.scala-ide.sdt.core - org.scala-ide.sdt.core - 0 - Error thrown while initializing the presentation compiler.
Java Model Exception: Java Model Status [forcomp does not exist]
	at org.eclipse.jdt.internal.core.JavaElement.newNotPresentException(JavaElement.java:556)
	at org.eclipse.jdt.internal.core.JavaModelManager.getPerProjectInfoCheckExistence(JavaModelManager.java:2344)
	at org.eclipse.jdt.internal.core.JavaProject.getPerProjectInfo(JavaProject.java:1909)
	at org.eclipse.jdt.internal.core.JavaProject.getRawClasspath(JavaProject.java:1931)
	at org.scalaide.core.internal.project.ClasspathManagement$class.jdkPaths(ClasspathManagement.scala:132)
	at org.scalaide.core.internal.project.ScalaProject.jdkPaths(ScalaProject.scala:136)
	at org.scalaide.core.internal.project.ClasspathManagement$class.scalaClasspath(ClasspathManagement.scala:119)
	at org.scalaide.core.internal.project.ScalaProject.scalaClasspath(ScalaProject.scala:136)
	at org.scalaide.core.internal.project.ScalaProject.setupCompilerClasspath(ScalaProject.scala:481)
	at org.scalaide.core.internal.project.ScalaProject.initializeCompilerSettings(ScalaProject.scala:467)
	at org.scalaide.core.internal.project.ScalaProject.org$scalaide$core$internal$project$ScalaProject$$prepareCompilerSettings(ScalaProject.scala:423)
	at org.scalaide.core.internal.project.ScalaProject$$anonfun$3.apply(ScalaProject.scala:148)
	at org.scalaide.core.internal.project.ScalaProject$$anonfun$3.apply(ScalaProject.scala:148)
	at org.scalaide.core.internal.compiler.PresentationCompilerProxy.liftedTree1$1(PresentationCompilerProxy.scala:158)
	at org.scalaide.core.internal.compiler.PresentationCompilerProxy.create(PresentationCompilerProxy.scala:157)
	at org.scalaide.core.internal.compiler.PresentationCompilerProxy.initialize(PresentationCompilerProxy.scala:122)
	at org.scalaide.core.internal.compiler.PresentationCompilerProxy.obtainPc$1(PresentationCompilerProxy.scala:84)
	at org.scalaide.core.internal.compiler.PresentationCompilerProxy.internal(PresentationCompilerProxy.scala:104)
	at org.scalaide.core.internal.compiler.PresentationCompilerProxy.apply(PresentationCompilerProxy.scala:62)
	at org.scalaide.core.compiler.InteractiveCompilationUnit$class.forceReconcile(InteractiveCompilationUnit.scala:151)
	at org.scalaide.core.internal.jdt.model.ScalaSourceFile.forceReconcile(ScalaSourceFile.scala:73)
	at org.scalaide.ui.internal.reconciliation.ScalaReconcilingStrategy.reconcile(ScalaReconcilingStrategy.scala:48)
	at org.eclipse.jdt.internal.ui.text.CompositeReconcilingStrategy.reconcile(CompositeReconcilingStrategy.java:86)
	at org.eclipse.jface.text.reconciler.MonoReconciler.process(MonoReconciler.java:77)
	at org.eclipse.jface.text.reconciler.AbstractReconciler$BackgroundThread.run(AbstractReconciler.java:206)
2015-05-27 14:42:18,969 ERROR [main] - org.scala-ide.sdt.core - org.scala-ide.sdt.core - org.scala-ide.sdt.core - 0 - Error thrown while initializing the presentation compiler.
Java Model Exception: Java Model Status [forcomp does not exist]
	at org.eclipse.jdt.internal.core.JavaElement.newNotPresentException(JavaElement.java:556)
	at org.eclipse.jdt.internal.core.JavaModelManager.getPerProjectInfoCheckExistence(JavaModelManager.java:2344)
	at org.eclipse.jdt.internal.core.JavaProject.getPerProjectInfo(JavaProject.java:1909)
	at org.eclipse.jdt.internal.core.JavaProject.getRawClasspath(JavaProject.java:1931)
	at org.scalaide.core.internal.project.ClasspathManagement$class.jdkPaths(ClasspathManagement.scala:132)
	at org.scalaide.core.internal.project.ScalaProject.jdkPaths(ScalaProject.scala:136)
	at org.scalaide.core.internal.project.ClasspathManagement$class.scalaClasspath(ClasspathManagement.scala:119)
	at org.scalaide.core.internal.project.ScalaProject.scalaClasspath(ScalaProject.scala:136)
	at org.scalaide.core.internal.project.ScalaProject.setupCompilerClasspath(ScalaProject.scala:481)
	at org.scalaide.core.internal.project.ScalaProject.initializeCompilerSettings(ScalaProject.scala:467)
	at org.scalaide.core.internal.project.ScalaProject.org$scalaide$core$internal$project$ScalaProject$$prepareCompilerSettings(ScalaProject.scala:423)
	at org.scalaide.core.internal.project.ScalaProject$$anonfun$3.apply(ScalaProject.scala:148)
	at org.scalaide.core.internal.project.ScalaProject$$anonfun$3.apply(ScalaProject.scala:148)
	at org.scalaide.core.internal.compiler.PresentationCompilerProxy.liftedTree1$1(PresentationCompilerProxy.scala:158)
	at org.scalaide.core.internal.compiler.PresentationCompilerProxy.create(PresentationCompilerProxy.scala:157)
	at org.scalaide.core.internal.compiler.PresentationCompilerProxy.initialize(PresentationCompilerProxy.scala:122)
	at org.scalaide.core.internal.compiler.PresentationCompilerProxy.obtainPc$1(PresentationCompilerProxy.scala:84)
	at org.scalaide.core.internal.compiler.PresentationCompilerProxy.internal(PresentationCompilerProxy.scala:104)
	at org.scalaide.core.internal.compiler.PresentationCompilerProxy.apply(PresentationCompilerProxy.scala:62)
	at org.scalaide.core.compiler.InteractiveCompilationUnit$class.currentProblems(InteractiveCompilationUnit.scala:184)
	at org.scalaide.core.internal.jdt.model.ScalaSourceFile.currentProblems(ScalaSourceFile.scala:73)
	at org.scalaide.core.compiler.InteractiveCompilationUnit$class.forceReconcile(InteractiveCompilationUnit.scala:152)
	at org.scalaide.core.internal.jdt.model.ScalaSourceFile.forceReconcile(ScalaSourceFile.scala:73)
	at org.scalaide.ui.internal.reconciliation.ScalaReconcilingStrategy.reconcile(ScalaReconcilingStrategy.scala:48)
	at org.eclipse.jdt.internal.ui.text.CompositeReconcilingStrategy.reconcile(CompositeReconcilingStrategy.java:86)
	at org.eclipse.jface.text.reconciler.MonoReconciler.process(MonoReconciler.java:77)
	at org.eclipse.jface.text.reconciler.AbstractReconciler$BackgroundThread.run(AbstractReconciler.java:206)
2015-05-27 14:42:18,970 ERROR [main] - org.scala-ide.sdt.core - org.scala-ide.sdt.core - org.scala-ide.sdt.core - 0 - Error thrown while initializing the presentation compiler.
Java Model Exception: Java Model Status [forcomp does not exist]
	at org.eclipse.jdt.internal.core.JavaElement.newNotPresentException(JavaElement.java:556)
	at org.eclipse.jdt.internal.core.JavaModelManager.getPerProjectInfoCheckExistence(JavaModelManager.java:2344)
	at org.eclipse.jdt.internal.core.JavaProject.getPerProjectInfo(JavaProject.java:1909)
	at org.eclipse.jdt.internal.core.JavaProject.getRawClasspath(JavaProject.java:1931)
	at org.scalaide.core.internal.project.ClasspathManagement$class.jdkPaths(ClasspathManagement.scala:132)
	at org.scalaide.core.internal.project.ScalaProject.jdkPaths(ScalaProject.scala:136)
	at org.scalaide.core.internal.project.ClasspathManagement$class.scalaClasspath(ClasspathManagement.scala:119)
	at org.scalaide.core.internal.project.ScalaProject.scalaClasspath(ScalaProject.scala:136)
	at org.scalaide.core.internal.project.ScalaProject.setupCompilerClasspath(ScalaProject.scala:481)
	at org.scalaide.core.internal.project.ScalaProject.initializeCompilerSettings(ScalaProject.scala:467)
	at org.scalaide.core.internal.project.ScalaProject.org$scalaide$core$internal$project$ScalaProject$$prepareCompilerSettings(ScalaProject.scala:423)
	at org.scalaide.core.internal.project.ScalaProject$$anonfun$3.apply(ScalaProject.scala:148)
	at org.scalaide.core.internal.project.ScalaProject$$anonfun$3.apply(ScalaProject.scala:148)
	at org.scalaide.core.internal.compiler.PresentationCompilerProxy.liftedTree1$1(PresentationCompilerProxy.scala:158)
	at org.scalaide.core.internal.compiler.PresentationCompilerProxy.create(PresentationCompilerProxy.scala:157)
	at org.scalaide.core.internal.compiler.PresentationCompilerProxy.initialize(PresentationCompilerProxy.scala:122)
	at org.scalaide.core.internal.compiler.PresentationCompilerProxy.obtainPc$1(PresentationCompilerProxy.scala:84)
	at org.scalaide.core.internal.compiler.PresentationCompilerProxy.internal(PresentationCompilerProxy.scala:104)
	at org.scalaide.ui.internal.editor.decorators.BaseSemanticAction.apply(BaseSemanticAction.scala:114)
	at org.scalaide.ui.internal.editor.ScalaSourceFileEditor$$anon$5$$anonfun$reconciled$1$$anonfun$apply$1.apply$mcV$sp(ScalaSourceFileEditor.scala:111)
	at org.scalaide.ui.internal.editor.ScalaSourceFileEditor$$anon$5$$anonfun$reconciled$1$$anonfun$apply$1.apply(ScalaSourceFileEditor.scala:111)
	at org.scalaide.ui.internal.editor.ScalaSourceFileEditor$$anon$5$$anonfun$reconciled$1$$anonfun$apply$1.apply(ScalaSourceFileEditor.scala:111)
	at org.scalaide.util.eclipse.EclipseUtils$$anon$3.run(EclipseUtils.scala:216)
	at org.eclipse.core.runtime.SafeRunner.run(SafeRunner.java:42)
	at org.scalaide.util.eclipse.EclipseUtils$.withSafeRunner(EclipseUtils.scala:212)
	at org.scalaide.ui.internal.editor.ScalaSourceFileEditor$$anon$5$$anonfun$reconciled$1.apply(ScalaSourceFileEditor.scala:110)
	at org.scalaide.ui.internal.editor.ScalaSourceFileEditor$$anon$5$$anonfun$reconciled$1.apply(ScalaSourceFileEditor.scala:109)
	at scala.collection.mutable.ArraySeq.foreach(ArraySeq.scala:74)
	at org.scalaide.ui.internal.editor.ScalaSourceFileEditor$$anon$5.reconciled(ScalaSourceFileEditor.scala:109)
	at org.scalaide.ui.internal.editor.ScalaSourceFileEditor$ReconcilingListeners$$anonfun$reconciled$2.apply(ScalaSourceFileEditor.scala:416)
	at org.scalaide.ui.internal.editor.ScalaSourceFileEditor$ReconcilingListeners$$anonfun$reconciled$2.apply(ScalaSourceFileEditor.scala:416)
	at scala.collection.immutable.List.foreach(List.scala:381)
	at org.scalaide.ui.internal.editor.ScalaSourceFileEditor$ReconcilingListeners.reconciled(ScalaSourceFileEditor.scala:416)
	at org.scalaide.ui.internal.editor.ScalaSourceFileEditor.reconciled(ScalaSourceFileEditor.scala:393)
	at org.scalaide.ui.internal.reconciliation.ScalaReconcilingStrategy$$anonfun$reconcile$3.apply(ScalaReconcilingStrategy.scala:58)
	at org.scalaide.ui.internal.reconciliation.ScalaReconcilingStrategy$$anonfun$reconcile$3.apply(ScalaReconcilingStrategy.scala:58)
	at scala.Option.foreach(Option.scala:257)
	at org.scalaide.ui.internal.reconciliation.ScalaReconcilingStrategy.reconcile(ScalaReconcilingStrategy.scala:58)
	at org.eclipse.jdt.internal.ui.text.CompositeReconcilingStrategy.reconcile(CompositeReconcilingStrategy.java:86)
	at org.eclipse.jface.text.reconciler.MonoReconciler.process(MonoReconciler.java:77)
	at org.eclipse.jface.text.reconciler.AbstractReconciler$BackgroundThread.run(AbstractReconciler.java:206)
2015-05-27 14:42:19,118 ERROR [main] - org.scala-ide.sdt.core - org.scala-ide.sdt.core - org.scala-ide.sdt.core - 0 - Error thrown while initializing the presentation compiler.
Java Model Exception: Java Model Status [forcomp does not exist]
	at org.eclipse.jdt.internal.core.JavaElement.newNotPresentException(JavaElement.java:556)
	at org.eclipse.jdt.internal.core.JavaModelManager.getPerProjectInfoCheckExistence(JavaModelManager.java:2344)
	at org.eclipse.jdt.internal.core.JavaProject.getPerProjectInfo(JavaProject.java:1909)
	at org.eclipse.jdt.internal.core.JavaProject.getRawClasspath(JavaProject.java:1931)
	at org.scalaide.core.internal.project.ClasspathManagement$class.jdkPaths(ClasspathManagement.scala:132)
	at org.scalaide.core.internal.project.ScalaProject.jdkPaths(ScalaProject.scala:136)
	at org.scalaide.core.internal.project.ClasspathManagement$class.scalaClasspath(ClasspathManagement.scala:119)
	at org.scalaide.core.internal.project.ScalaProject.scalaClasspath(ScalaProject.scala:136)
	at org.scalaide.core.internal.project.ScalaProject.setupCompilerClasspath(ScalaProject.scala:481)
	at org.scalaide.core.internal.project.ScalaProject.initializeCompilerSettings(ScalaProject.scala:467)
	at org.scalaide.core.internal.project.ScalaProject.org$scalaide$core$internal$project$ScalaProject$$prepareCompilerSettings(ScalaProject.scala:423)
	at org.scalaide.core.internal.project.ScalaProject$$anonfun$3.apply(ScalaProject.scala:148)
	at org.scalaide.core.internal.project.ScalaProject$$anonfun$3.apply(ScalaProject.scala:148)
	at org.scalaide.core.internal.compiler.PresentationCompilerProxy.liftedTree1$1(PresentationCompilerProxy.scala:158)
	at org.scalaide.core.internal.compiler.PresentationCompilerProxy.create(PresentationCompilerProxy.scala:157)
	at org.scalaide.core.internal.compiler.PresentationCompilerProxy.initialize(PresentationCompilerProxy.scala:122)
	at org.scalaide.core.internal.compiler.PresentationCompilerProxy.obtainPc$1(PresentationCompilerProxy.scala:84)
	at org.scalaide.core.internal.compiler.PresentationCompilerProxy.internal(PresentationCompilerProxy.scala:104)
	at org.scalaide.core.internal.compiler.PresentationCompilerProxy.apply(PresentationCompilerProxy.scala:62)
	at org.scalaide.core.compiler.InteractiveCompilationUnit$class.withSourceFile(InteractiveCompilationUnit.scala:202)
	at org.scalaide.core.internal.jdt.model.ScalaSourceFile.withSourceFile(ScalaSourceFile.scala:73)
	at org.scalaide.ui.internal.editor.decorators.semantichighlighting.Presenter$SemanticHighlightingJob.performSemanticHighlighting(Presenter.scala:119)
	at org.scalaide.ui.internal.editor.decorators.semantichighlighting.Presenter$SemanticHighlightingJob.run(Presenter.scala:115)
	at org.eclipse.core.internal.jobs.Worker.run(Worker.java:54)
2015-05-27 14:50:49,163  WARN [ModalContext] - ScalaProject - Project forcomp has platform default sourceLevel.
2015-05-27 14:50:49,165  WARN [ModalContext] - ScalaProject - Project forcomp runs on platform default installation.
2015-05-27 14:50:49,165  WARN [ModalContext] - ScalaProject - Project forcomp has platform default sourceLevel.
2015-05-27 14:50:49,166  WARN [ModalContext] - ScalaProject - Project forcomp runs on platform default installation.
2015-05-27 15:10:02,189 ERROR [main] - org.scala-ide.sdt.core - org.scala-ide.sdt.core - org.scala-ide.sdt.core - 0 - Throwable during asyncExec
scala.tools.nsc.interactive.FreshRunReq
2015-05-27 15:10:02,190 ERROR [main] - org.scala-ide.sdt.core - org.scala-ide.sdt.core - org.scala-ide.sdt.core - 0 - Incorrectly logged ControlThrowable: FreshRunReq(null)
scala.tools.nsc.interactive.FreshRunReq
2015-05-27 15:11:46,651 ERROR [Text Viewer Hover Presenter] - IScalaPresentationCompiler$ - Ignoring InterruptException
2015-05-27 15:11:46,652 ERROR [Text Viewer Hover Presenter] - IScalaPresentationCompiler$ - Ignoring InterruptException
2015-05-27 15:11:46,652 ERROR [Text Viewer Hover Presenter] - IScalaPresentationCompiler$ - Ignoring InterruptException
2015-05-27 15:12:52,511 ERROR [Text Viewer Hover Presenter] - IScalaPresentationCompiler$ - Ignoring InterruptException
2015-05-27 15:12:52,515 ERROR [Text Viewer Hover Presenter] - IScalaPresentationCompiler$ - Ignoring InterruptException
2015-05-27 15:12:52,515 ERROR [Text Viewer Hover Presenter] - IScalaPresentationCompiler$ - Ignoring InterruptException
2015-05-27 15:13:20,670 ERROR [Text Viewer Hover Presenter] - IScalaPresentationCompiler$ - Ignoring InterruptException
2015-05-27 15:13:20,679 ERROR [Text Viewer Hover Presenter] - IScalaPresentationCompiler$ - Ignoring InterruptException
2015-05-27 15:13:20,679 ERROR [Text Viewer Hover Presenter] - IScalaPresentationCompiler$ - Ignoring InterruptException
2015-05-27 15:33:21,741 ERROR [Text Viewer Hover Presenter] - IScalaPresentationCompiler$ - Ignoring InterruptException
2015-05-27 15:33:21,749 ERROR [Text Viewer Hover Presenter] - IScalaPresentationCompiler$ - Ignoring InterruptException
2015-05-27 15:33:21,749 ERROR [Text Viewer Hover Presenter] - IScalaPresentationCompiler$ - Ignoring InterruptException
2015-05-27 17:44:48,559 ERROR [Text Viewer Hover Presenter] - IScalaPresentationCompiler$ - Ignoring InterruptException
2015-05-27 17:44:48,567 ERROR [Text Viewer Hover Presenter] - IScalaPresentationCompiler$ - Ignoring InterruptException
2015-05-27 17:44:48,567 ERROR [Text Viewer Hover Presenter] - IScalaPresentationCompiler$ - Ignoring InterruptException
2015-05-27 17:45:52,438 ERROR [Text Viewer Hover Presenter] - IScalaPresentationCompiler$ - Ignoring InterruptException
2015-05-27 17:45:52,440 ERROR [Text Viewer Hover Presenter] - IScalaPresentationCompiler$ - Ignoring InterruptException
2015-05-27 17:46:57,403 ERROR [Text Viewer Hover Presenter] - IScalaPresentationCompiler$ - Ignoring InterruptException
2015-05-27 17:46:57,403 ERROR [Text Viewer Hover Presenter] - IScalaPresentationCompiler$ - Ignoring InterruptException
2015-05-27 17:46:57,403 ERROR [Text Viewer Hover Presenter] - IScalaPresentationCompiler$ - Ignoring InterruptException
2015-05-27 17:47:20,162 ERROR [Text Viewer Hover Presenter] - IScalaPresentationCompiler$ - Ignoring InterruptException
2015-05-27 17:47:20,162 ERROR [Text Viewer Hover Presenter] - IScalaPresentationCompiler$ - Ignoring InterruptException
2015-05-27 17:47:20,162 ERROR [Text Viewer Hover Presenter] - IScalaPresentationCompiler$ - Ignoring InterruptException
2015-05-27 17:47:22,262 ERROR [Text Viewer Hover Presenter] - IScalaPresentationCompiler$ - Ignoring InterruptException
2015-05-27 17:47:22,263 ERROR [Text Viewer Hover Presenter] - IScalaPresentationCompiler$ - Ignoring InterruptException
2015-05-27 17:47:22,263 ERROR [Text Viewer Hover Presenter] - IScalaPresentationCompiler$ - Ignoring InterruptException
2015-05-27 17:51:45,025 ERROR [Text Viewer Hover Presenter] - IScalaPresentationCompiler$ - Ignoring InterruptException
2015-05-27 17:51:45,025 ERROR [Text Viewer Hover Presenter] - IScalaPresentationCompiler$ - Ignoring InterruptException
2015-05-27 17:51:45,025 ERROR [Text Viewer Hover Presenter] - IScalaPresentationCompiler$ - Ignoring InterruptException
2015-05-27 18:32:28,489 ERROR [Text Viewer Hover Presenter] - IScalaPresentationCompiler$ - Ignoring InterruptException
2015-05-27 18:32:28,497 ERROR [Text Viewer Hover Presenter] - IScalaPresentationCompiler$ - Ignoring InterruptException
2015-05-27 18:32:28,497 ERROR [Text Viewer Hover Presenter] - IScalaPresentationCompiler$ - Ignoring InterruptException
2015-05-27 18:32:55,284 ERROR [Text Viewer Hover Presenter] - IScalaPresentationCompiler$ - Ignoring InterruptException
2015-05-27 18:32:55,285 ERROR [Text Viewer Hover Presenter] - IScalaPresentationCompiler$ - Ignoring InterruptException
2015-05-27 18:32:55,285 ERROR [Text Viewer Hover Presenter] - IScalaPresentationCompiler$ - Ignoring InterruptException
2015-05-27 18:35:42,470 ERROR [Worker-89] - ProgramExecutor$ - Worksheet process has terminated unexpectedly (exit value 143
At the time of termination, the following text was available in the output streams:
Standard output:
  
Standard error:
  

2015-05-27 18:36:19,101 ERROR [Text Viewer Hover Presenter] - IScalaPresentationCompiler$ - Ignoring InterruptException
2015-05-27 18:36:19,109 ERROR [Text Viewer Hover Presenter] - IScalaPresentationCompiler$ - Ignoring InterruptException
2015-05-27 18:36:19,109 ERROR [Text Viewer Hover Presenter] - IScalaPresentationCompiler$ - Ignoring InterruptException
2015-05-27 19:07:02,879 ERROR [main] - org.scala-ide.sdt.core - org.scala-ide.sdt.core - org.scala-ide.sdt.core - 0 - Throwable during asyncExec
scala.tools.nsc.interactive.FreshRunReq
2015-05-27 19:07:02,888 ERROR [main] - org.scala-ide.sdt.core - org.scala-ide.sdt.core - org.scala-ide.sdt.core - 0 - Incorrectly logged ControlThrowable: FreshRunReq(null)
scala.tools.nsc.interactive.FreshRunReq
2015-05-27 19:15:31,724 ERROR [Text Viewer Hover Presenter] - IScalaPresentationCompiler$ - Ignoring InterruptException
2015-05-27 19:15:31,732 ERROR [Text Viewer Hover Presenter] - IScalaPresentationCompiler$ - Ignoring InterruptException
2015-05-27 19:15:31,732 ERROR [Text Viewer Hover Presenter] - IScalaPresentationCompiler$ - Ignoring InterruptException
2015-05-27 19:34:08,651 ERROR [Text Viewer Hover Presenter] - IScalaPresentationCompiler$ - Ignoring InterruptException
2015-05-27 19:34:08,652 ERROR [Text Viewer Hover Presenter] - IScalaPresentationCompiler$ - Ignoring InterruptException
2015-05-27 19:34:08,652 ERROR [Text Viewer Hover Presenter] - IScalaPresentationCompiler$ - Ignoring InterruptException
2015-05-27 19:37:09,808 ERROR [Text Viewer Hover Presenter] - IScalaPresentationCompiler$ - Ignoring InterruptException
2015-05-27 19:37:09,809 ERROR [Text Viewer Hover Presenter] - IScalaPresentationCompiler$ - Ignoring InterruptException
2015-05-27 19:37:09,809 ERROR [Text Viewer Hover Presenter] - IScalaPresentationCompiler$ - Ignoring InterruptException
2015-05-27 19:40:52,797 ERROR [Text Viewer Hover Presenter] - IScalaPresentationCompiler$ - Ignoring InterruptException
2015-05-27 19:40:52,797 ERROR [Text Viewer Hover Presenter] - IScalaPresentationCompiler$ - Ignoring InterruptException
2015-05-27 19:40:52,797 ERROR [Text Viewer Hover Presenter] - IScalaPresentationCompiler$ - Ignoring InterruptException
2015-05-27 21:05:29,883 ERROR [Text Viewer Hover Presenter] - IScalaPresentationCompiler$ - Ignoring InterruptException
2015-05-27 21:05:29,891 ERROR [Text Viewer Hover Presenter] - IScalaPresentationCompiler$ - Ignoring InterruptException
2015-05-27 21:05:29,891 ERROR [Text Viewer Hover Presenter] - IScalaPresentationCompiler$ - Ignoring InterruptException
2015-05-27 21:39:44,815 ERROR [Text Viewer Hover Presenter] - IScalaPresentationCompiler$ - Ignoring InterruptException
2015-05-27 21:39:44,823 ERROR [Text Viewer Hover Presenter] - IScalaPresentationCompiler$ - Ignoring InterruptException
2015-05-27 21:39:44,823 ERROR [Text Viewer Hover Presenter] - IScalaPresentationCompiler$ - Ignoring InterruptException
2015-05-27 21:48:22,774 ERROR [Text Viewer Hover Presenter] - IScalaPresentationCompiler$ - Ignoring InterruptException
2015-05-27 21:48:22,782 ERROR [Text Viewer Hover Presenter] - IScalaPresentationCompiler$ - Ignoring InterruptException
2015-05-27 21:48:22,782 ERROR [Text Viewer Hover Presenter] - IScalaPresentationCompiler$ - Ignoring InterruptException
2015-05-27 21:48:29,410 ERROR [Text Viewer Hover Presenter] - IScalaPresentationCompiler$ - Ignoring InterruptException
2015-05-27 21:48:29,410 ERROR [Text Viewer Hover Presenter] - IScalaPresentationCompiler$ - Ignoring InterruptException
2015-05-27 21:48:29,410 ERROR [Text Viewer Hover Presenter] - IScalaPresentationCompiler$ - Ignoring InterruptException
2015-05-27 23:34:13,396 ERROR [Text Viewer Hover Presenter] - IScalaPresentationCompiler$ - Ignoring InterruptException
2015-05-27 23:34:13,404 ERROR [Text Viewer Hover Presenter] - IScalaPresentationCompiler$ - Ignoring InterruptException
2015-05-27 23:34:13,404 ERROR [Text Viewer Hover Presenter] - IScalaPresentationCompiler$ - Ignoring InterruptException
2015-05-27 23:40:30,445 ERROR [Text Viewer Hover Presenter] - IScalaPresentationCompiler$ - Ignoring InterruptException
2015-05-27 23:40:30,445 ERROR [Text Viewer Hover Presenter] - IScalaPresentationCompiler$ - Ignoring InterruptException
2015-05-27 23:40:30,446 ERROR [Text Viewer Hover Presenter] - IScalaPresentationCompiler$ - Ignoring InterruptException
2015-05-27 23:54:50,183 ERROR [Text Viewer Hover Presenter] - IScalaPresentationCompiler$ - Ignoring InterruptException
2015-05-27 23:54:50,191 ERROR [Text Viewer Hover Presenter] - IScalaPresentationCompiler$ - Ignoring InterruptException
2015-05-27 23:54:50,191 ERROR [Text Viewer Hover Presenter] - IScalaPresentationCompiler$ - Ignoring InterruptException
2015-05-28 16:10:12,406 ERROR [Text Viewer Hover Presenter] - IScalaPresentationCompiler$ - Ignoring InterruptException
2015-05-28 16:10:12,413 ERROR [Text Viewer Hover Presenter] - IScalaPresentationCompiler$ - Ignoring InterruptException
2015-05-28 16:10:12,413 ERROR [Text Viewer Hover Presenter] - IScalaPresentationCompiler$ - Ignoring InterruptException
2015-05-28 19:18:57,170  WARN [main] - org.scala-ide.sdt.core - org.scala-ide.sdt.core - org.scala-ide.sdt.core - 0 - Preference scala.compiler.sourceLevel was uninitialized for forcomp, setting default to 2.11.
2015-05-28 19:18:57,175  WARN [main] - org.scala-ide.sdt.core - org.scala-ide.sdt.core - org.scala-ide.sdt.core - 0 - Preference scala.compiler.installation was uninitialized for forcomp, setting default to 2.11.
2015-05-28 19:30:40,552 ERROR [Worker-5] - ProgramExecutor$ - Worksheet process has terminated unexpectedly (exit value 143
At the time of termination, the following text was available in the output streams:
Standard output:
  
Standard error:
  

